20:47:41.013 [restartedMain] INFO  c.d.s.StockTrendApplication - [logStarting,55] - Starting StockTrendApplication on doing with PID 21824 (D:\work\kaifagongju\idea\IntelliJIDEAPlace\back\stock-trend\target\classes started by 95465 in D:\work\kaifagongju\idea\IntelliJIDEAPlace\back\stock-trend)
20:47:41.017 [restartedMain] INFO  c.d.s.StockTrendApplication - [logStartupProfileInfo,651] - No active profile set, falling back to default profiles: default
20:47:42.043 [restartedMain] INFO  o.a.c.h.Http11NioProtocol - [log,173] - Initializing ProtocolHandler ["http-nio-8080"]
20:47:42.043 [restartedMain] INFO  o.a.c.c.StandardService - [log,173] - Starting service [Tomcat]
20:47:42.044 [restartedMain] INFO  o.a.c.c.StandardEngine - [log,173] - Starting Servlet engine: [Apache Tomcat/9.0.33]
20:47:42.137 [restartedMain] INFO  o.a.c.c.C.[.[.[/] - [log,173] - Initializing Spring embedded WebApplicationContext
20:47:42.469 [restartedMain] INFO  o.a.c.h.Http11NioProtocol - [log,173] - Starting ProtocolHandler ["http-nio-8080"]
20:47:42.487 [restartedMain] INFO  c.d.s.StockTrendApplication - [logStarted,61] - Started StockTrendApplication in 1.796 seconds (JVM running for 2.739)
20:47:49.423 [http-nio-8080-exec-1] INFO  o.a.c.c.C.[.[.[/] - [log,173] - Initializing Spring DispatcherServlet 'dispatcherServlet'
20:51:23.038 [restartedMain] INFO  c.d.s.StockTrendApplication - [logStarting,55] - Starting StockTrendApplication on doing with PID 11776 (D:\work\kaifagongju\idea\IntelliJIDEAPlace\back\stock-trend\target\classes started by 95465 in D:\work\kaifagongju\idea\IntelliJIDEAPlace\back\stock-trend)
20:51:23.040 [restartedMain] INFO  c.d.s.StockTrendApplication - [logStartupProfileInfo,651] - No active profile set, falling back to default profiles: default
20:51:24.148 [restartedMain] INFO  o.a.c.h.Http11NioProtocol - [log,173] - Initializing ProtocolHandler ["http-nio-8080"]
20:51:24.149 [restartedMain] INFO  o.a.c.c.StandardService - [log,173] - Starting service [Tomcat]
20:51:24.149 [restartedMain] INFO  o.a.c.c.StandardEngine - [log,173] - Starting Servlet engine: [Apache Tomcat/9.0.33]
20:51:24.237 [restartedMain] INFO  o.a.c.c.C.[.[.[/] - [log,173] - Initializing Spring embedded WebApplicationContext
20:51:24.582 [restartedMain] INFO  o.a.c.h.Http11NioProtocol - [log,173] - Starting ProtocolHandler ["http-nio-8080"]
20:51:24.602 [restartedMain] INFO  c.d.s.StockTrendApplication - [logStarted,61] - Started StockTrendApplication in 1.855 seconds (JVM running for 2.73)
20:53:34.244 [restartedMain] INFO  c.d.s.StockTrendApplication - [logStarting,55] - Starting StockTrendApplication on doing with PID 11776 (D:\work\kaifagongju\idea\IntelliJIDEAPlace\back\stock-trend\target\classes started by 95465 in D:\work\kaifagongju\idea\IntelliJIDEAPlace\back\stock-trend)
20:53:34.245 [restartedMain] INFO  c.d.s.StockTrendApplication - [logStartupProfileInfo,651] - No active profile set, falling back to default profiles: default
20:53:34.560 [restartedMain] INFO  o.a.c.h.Http11NioProtocol - [log,173] - Initializing ProtocolHandler ["http-nio-8080"]
20:53:34.561 [restartedMain] INFO  o.a.c.c.StandardService - [log,173] - Starting service [Tomcat]
20:53:34.561 [restartedMain] INFO  o.a.c.c.StandardEngine - [log,173] - Starting Servlet engine: [Apache Tomcat/9.0.33]
20:53:34.584 [restartedMain] INFO  o.a.c.c.C.[.[.[/] - [log,173] - Initializing Spring embedded WebApplicationContext
20:53:34.756 [restartedMain] INFO  o.a.c.h.Http11NioProtocol - [log,173] - Starting ProtocolHandler ["http-nio-8080"]
20:53:34.759 [restartedMain] INFO  c.d.s.StockTrendApplication - [logStarted,61] - Started StockTrendApplication in 0.561 seconds (JVM running for 132.887)
20:53:41.705 [restartedMain] INFO  c.d.s.StockTrendApplication - [logStarting,55] - Starting StockTrendApplication on doing with PID 11776 (D:\work\kaifagongju\idea\IntelliJIDEAPlace\back\stock-trend\target\classes started by 95465 in D:\work\kaifagongju\idea\IntelliJIDEAPlace\back\stock-trend)
20:53:41.705 [restartedMain] INFO  c.d.s.StockTrendApplication - [logStartupProfileInfo,651] - No active profile set, falling back to default profiles: default
20:53:41.985 [restartedMain] INFO  o.a.c.h.Http11NioProtocol - [log,173] - Initializing ProtocolHandler ["http-nio-8080"]
20:53:41.985 [restartedMain] INFO  o.a.c.c.StandardService - [log,173] - Starting service [Tomcat]
20:53:41.985 [restartedMain] INFO  o.a.c.c.StandardEngine - [log,173] - Starting Servlet engine: [Apache Tomcat/9.0.33]
20:53:42.006 [restartedMain] INFO  o.a.c.c.C.[.[.[/] - [log,173] - Initializing Spring embedded WebApplicationContext
20:53:42.226 [restartedMain] INFO  o.a.c.h.Http11NioProtocol - [log,173] - Starting ProtocolHandler ["http-nio-8080"]
20:53:42.231 [restartedMain] INFO  c.d.s.StockTrendApplication - [logStarted,61] - Started StockTrendApplication in 0.555 seconds (JVM running for 140.36)
20:53:45.155 [restartedMain] INFO  c.d.s.StockTrendApplication - [logStarting,55] - Starting StockTrendApplication on doing with PID 11776 (D:\work\kaifagongju\idea\IntelliJIDEAPlace\back\stock-trend\target\classes started by 95465 in D:\work\kaifagongju\idea\IntelliJIDEAPlace\back\stock-trend)
20:53:45.156 [restartedMain] INFO  c.d.s.StockTrendApplication - [logStartupProfileInfo,651] - No active profile set, falling back to default profiles: default
20:53:45.407 [restartedMain] INFO  o.a.c.h.Http11NioProtocol - [log,173] - Initializing ProtocolHandler ["http-nio-8080"]
20:53:45.408 [restartedMain] INFO  o.a.c.c.StandardService - [log,173] - Starting service [Tomcat]
20:53:45.408 [restartedMain] INFO  o.a.c.c.StandardEngine - [log,173] - Starting Servlet engine: [Apache Tomcat/9.0.33]
20:53:45.427 [restartedMain] INFO  o.a.c.c.C.[.[.[/] - [log,173] - Initializing Spring embedded WebApplicationContext
20:53:45.699 [restartedMain] INFO  o.a.c.h.Http11NioProtocol - [log,173] - Starting ProtocolHandler ["http-nio-8080"]
20:53:45.708 [restartedMain] INFO  c.d.s.StockTrendApplication - [logStarted,61] - Started StockTrendApplication in 0.584 seconds (JVM running for 143.837)
20:53:48.428 [restartedMain] INFO  c.d.s.StockTrendApplication - [logStarting,55] - Starting StockTrendApplication on doing with PID 11776 (D:\work\kaifagongju\idea\IntelliJIDEAPlace\back\stock-trend\target\classes started by 95465 in D:\work\kaifagongju\idea\IntelliJIDEAPlace\back\stock-trend)
20:53:48.428 [restartedMain] INFO  c.d.s.StockTrendApplication - [logStartupProfileInfo,651] - No active profile set, falling back to default profiles: default
20:53:48.661 [restartedMain] INFO  o.a.c.h.Http11NioProtocol - [log,173] - Initializing ProtocolHandler ["http-nio-8080"]
20:53:48.661 [restartedMain] INFO  o.a.c.c.StandardService - [log,173] - Starting service [Tomcat]
20:53:48.661 [restartedMain] INFO  o.a.c.c.StandardEngine - [log,173] - Starting Servlet engine: [Apache Tomcat/9.0.33]
20:53:48.675 [restartedMain] INFO  o.a.c.c.C.[.[.[/] - [log,173] - Initializing Spring embedded WebApplicationContext
20:53:48.813 [restartedMain] INFO  o.a.c.h.Http11NioProtocol - [log,173] - Starting ProtocolHandler ["http-nio-8080"]
20:53:48.817 [restartedMain] INFO  c.d.s.StockTrendApplication - [logStarted,61] - Started StockTrendApplication in 0.417 seconds (JVM running for 146.945)
20:53:50.488 [restartedMain] INFO  c.d.s.StockTrendApplication - [logStarting,55] - Starting StockTrendApplication on doing with PID 11776 (D:\work\kaifagongju\idea\IntelliJIDEAPlace\back\stock-trend\target\classes started by 95465 in D:\work\kaifagongju\idea\IntelliJIDEAPlace\back\stock-trend)
20:53:50.488 [restartedMain] INFO  c.d.s.StockTrendApplication - [logStartupProfileInfo,651] - No active profile set, falling back to default profiles: default
20:53:50.652 [restartedMain] INFO  o.a.c.h.Http11NioProtocol - [log,173] - Initializing ProtocolHandler ["http-nio-8080"]
20:53:50.652 [restartedMain] INFO  o.a.c.c.StandardService - [log,173] - Starting service [Tomcat]
20:53:50.653 [restartedMain] INFO  o.a.c.c.StandardEngine - [log,173] - Starting Servlet engine: [Apache Tomcat/9.0.33]
20:53:50.664 [restartedMain] INFO  o.a.c.c.C.[.[.[/] - [log,173] - Initializing Spring embedded WebApplicationContext
20:53:50.767 [restartedMain] INFO  o.a.c.h.Http11NioProtocol - [log,173] - Starting ProtocolHandler ["http-nio-8080"]
20:53:50.770 [restartedMain] INFO  c.d.s.StockTrendApplication - [logStarted,61] - Started StockTrendApplication in 0.306 seconds (JVM running for 148.9)
20:53:58.668 [restartedMain] INFO  c.d.s.StockTrendApplication - [logStarting,55] - Starting StockTrendApplication on doing with PID 11776 (D:\work\kaifagongju\idea\IntelliJIDEAPlace\back\stock-trend\target\classes started by 95465 in D:\work\kaifagongju\idea\IntelliJIDEAPlace\back\stock-trend)
20:53:58.669 [restartedMain] INFO  c.d.s.StockTrendApplication - [logStartupProfileInfo,651] - No active profile set, falling back to default profiles: default
20:53:58.991 [restartedMain] INFO  o.a.c.h.Http11NioProtocol - [log,173] - Initializing ProtocolHandler ["http-nio-8080"]
20:53:58.992 [restartedMain] INFO  o.a.c.c.StandardService - [log,173] - Starting service [Tomcat]
20:53:58.992 [restartedMain] INFO  o.a.c.c.StandardEngine - [log,173] - Starting Servlet engine: [Apache Tomcat/9.0.33]
20:53:59.015 [restartedMain] INFO  o.a.c.c.C.[.[.[/] - [log,173] - Initializing Spring embedded WebApplicationContext
20:53:59.169 [restartedMain] INFO  o.a.c.h.Http11NioProtocol - [log,173] - Starting ProtocolHandler ["http-nio-8080"]
20:53:59.173 [restartedMain] INFO  c.d.s.StockTrendApplication - [logStarted,61] - Started StockTrendApplication in 0.536 seconds (JVM running for 157.301)
20:54:05.137 [restartedMain] INFO  c.d.s.StockTrendApplication - [logStarting,55] - Starting StockTrendApplication on doing with PID 11776 (D:\work\kaifagongju\idea\IntelliJIDEAPlace\back\stock-trend\target\classes started by 95465 in D:\work\kaifagongju\idea\IntelliJIDEAPlace\back\stock-trend)
20:54:05.137 [restartedMain] INFO  c.d.s.StockTrendApplication - [logStartupProfileInfo,651] - No active profile set, falling back to default profiles: default
20:54:05.412 [restartedMain] INFO  o.a.c.h.Http11NioProtocol - [log,173] - Initializing ProtocolHandler ["http-nio-8080"]
20:54:05.412 [restartedMain] INFO  o.a.c.c.StandardService - [log,173] - Starting service [Tomcat]
20:54:05.412 [restartedMain] INFO  o.a.c.c.StandardEngine - [log,173] - Starting Servlet engine: [Apache Tomcat/9.0.33]
20:54:05.442 [restartedMain] INFO  o.a.c.c.C.[.[.[/] - [log,173] - Initializing Spring embedded WebApplicationContext
20:54:05.574 [restartedMain] INFO  o.a.c.h.Http11NioProtocol - [log,173] - Starting ProtocolHandler ["http-nio-8080"]
20:54:05.578 [restartedMain] INFO  c.d.s.StockTrendApplication - [logStarted,61] - Started StockTrendApplication in 0.471 seconds (JVM running for 163.706)
20:54:08.388 [restartedMain] INFO  c.d.s.StockTrendApplication - [logStarting,55] - Starting StockTrendApplication on doing with PID 11776 (D:\work\kaifagongju\idea\IntelliJIDEAPlace\back\stock-trend\target\classes started by 95465 in D:\work\kaifagongju\idea\IntelliJIDEAPlace\back\stock-trend)
20:54:08.388 [restartedMain] INFO  c.d.s.StockTrendApplication - [logStartupProfileInfo,651] - No active profile set, falling back to default profiles: default
20:54:08.600 [restartedMain] INFO  o.a.c.h.Http11NioProtocol - [log,173] - Initializing ProtocolHandler ["http-nio-8080"]
20:54:08.601 [restartedMain] INFO  o.a.c.c.StandardService - [log,173] - Starting service [Tomcat]
20:54:08.601 [restartedMain] INFO  o.a.c.c.StandardEngine - [log,173] - Starting Servlet engine: [Apache Tomcat/9.0.33]
20:54:08.617 [restartedMain] INFO  o.a.c.c.C.[.[.[/] - [log,173] - Initializing Spring embedded WebApplicationContext
20:54:08.735 [restartedMain] INFO  o.a.c.h.Http11NioProtocol - [log,173] - Starting ProtocolHandler ["http-nio-8080"]
20:54:08.738 [restartedMain] INFO  c.d.s.StockTrendApplication - [logStarted,61] - Started StockTrendApplication in 0.377 seconds (JVM running for 166.867)
20:54:11.772 [restartedMain] INFO  c.d.s.StockTrendApplication - [logStarting,55] - Starting StockTrendApplication on doing with PID 11808 (D:\work\kaifagongju\idea\IntelliJIDEAPlace\back\stock-trend\target\classes started by 95465 in D:\work\kaifagongju\idea\IntelliJIDEAPlace\back\stock-trend)
20:54:11.774 [restartedMain] INFO  c.d.s.StockTrendApplication - [logStartupProfileInfo,651] - No active profile set, falling back to default profiles: default
20:54:12.772 [restartedMain] INFO  o.a.c.h.Http11NioProtocol - [log,173] - Initializing ProtocolHandler ["http-nio-8080"]
20:54:12.773 [restartedMain] INFO  o.a.c.c.StandardService - [log,173] - Starting service [Tomcat]
20:54:12.774 [restartedMain] INFO  o.a.c.c.StandardEngine - [log,173] - Starting Servlet engine: [Apache Tomcat/9.0.33]
20:54:12.862 [restartedMain] INFO  o.a.c.c.C.[.[.[/] - [log,173] - Initializing Spring embedded WebApplicationContext
20:54:13.292 [restartedMain] INFO  o.a.c.h.Http11NioProtocol - [log,173] - Starting ProtocolHandler ["http-nio-8080"]
20:54:13.314 [restartedMain] INFO  c.d.s.StockTrendApplication - [logStarted,61] - Started StockTrendApplication in 1.818 seconds (JVM running for 2.756)
20:54:40.510 [restartedMain] INFO  c.d.s.StockTrendApplication - [logStarting,55] - Starting StockTrendApplication on doing with PID 2088 (D:\work\kaifagongju\idea\IntelliJIDEAPlace\back\stock-trend\target\classes started by 95465 in D:\work\kaifagongju\idea\IntelliJIDEAPlace\back\stock-trend)
20:54:40.513 [restartedMain] INFO  c.d.s.StockTrendApplication - [logStartupProfileInfo,651] - No active profile set, falling back to default profiles: default
20:54:41.461 [restartedMain] INFO  o.a.c.h.Http11NioProtocol - [log,173] - Initializing ProtocolHandler ["http-nio-8080"]
20:54:41.462 [restartedMain] INFO  o.a.c.c.StandardService - [log,173] - Starting service [Tomcat]
20:54:41.462 [restartedMain] INFO  o.a.c.c.StandardEngine - [log,173] - Starting Servlet engine: [Apache Tomcat/9.0.33]
20:54:41.537 [restartedMain] INFO  o.a.c.c.C.[.[.[/] - [log,173] - Initializing Spring embedded WebApplicationContext
20:54:41.918 [restartedMain] INFO  o.a.c.h.Http11NioProtocol - [log,173] - Starting ProtocolHandler ["http-nio-8080"]
20:54:41.940 [restartedMain] INFO  c.d.s.StockTrendApplication - [logStarted,61] - Started StockTrendApplication in 1.814 seconds (JVM running for 2.772)
20:55:05.580 [restartedMain] INFO  c.d.s.StockTrendApplication - [logStarting,55] - Starting StockTrendApplication on doing with PID 2088 (D:\work\kaifagongju\idea\IntelliJIDEAPlace\back\stock-trend\target\classes started by 95465 in D:\work\kaifagongju\idea\IntelliJIDEAPlace\back\stock-trend)
20:55:05.580 [restartedMain] INFO  c.d.s.StockTrendApplication - [logStartupProfileInfo,651] - No active profile set, falling back to default profiles: default
20:55:05.900 [restartedMain] INFO  o.a.c.h.Http11NioProtocol - [log,173] - Initializing ProtocolHandler ["http-nio-8080"]
20:55:05.901 [restartedMain] INFO  o.a.c.c.StandardService - [log,173] - Starting service [Tomcat]
20:55:05.901 [restartedMain] INFO  o.a.c.c.StandardEngine - [log,173] - Starting Servlet engine: [Apache Tomcat/9.0.33]
20:55:05.919 [restartedMain] INFO  o.a.c.c.C.[.[.[/] - [log,173] - Initializing Spring embedded WebApplicationContext
20:55:06.053 [restartedMain] INFO  o.a.c.h.Http11NioProtocol - [log,173] - Starting ProtocolHandler ["http-nio-8080"]
20:55:06.057 [restartedMain] INFO  c.d.s.StockTrendApplication - [logStarted,61] - Started StockTrendApplication in 0.517 seconds (JVM running for 26.89)
20:55:12.976 [restartedMain] INFO  c.d.s.StockTrendApplication - [logStarting,55] - Starting StockTrendApplication on doing with PID 2088 (D:\work\kaifagongju\idea\IntelliJIDEAPlace\back\stock-trend\target\classes started by 95465 in D:\work\kaifagongju\idea\IntelliJIDEAPlace\back\stock-trend)
20:55:12.976 [restartedMain] INFO  c.d.s.StockTrendApplication - [logStartupProfileInfo,651] - No active profile set, falling back to default profiles: default
20:55:13.139 [restartedMain] INFO  o.a.c.h.Http11NioProtocol - [log,173] - Initializing ProtocolHandler ["http-nio-8080"]
20:55:13.139 [restartedMain] INFO  o.a.c.c.StandardService - [log,173] - Starting service [Tomcat]
20:55:13.139 [restartedMain] INFO  o.a.c.c.StandardEngine - [log,173] - Starting Servlet engine: [Apache Tomcat/9.0.33]
20:55:13.150 [restartedMain] INFO  o.a.c.c.C.[.[.[/] - [log,173] - Initializing Spring embedded WebApplicationContext
20:55:13.294 [restartedMain] INFO  o.a.c.h.Http11NioProtocol - [log,173] - Starting ProtocolHandler ["http-nio-8080"]
20:55:13.298 [restartedMain] INFO  c.d.s.StockTrendApplication - [logStarted,61] - Started StockTrendApplication in 0.348 seconds (JVM running for 34.13)
20:55:17.136 [restartedMain] INFO  c.d.s.StockTrendApplication - [logStarting,55] - Starting StockTrendApplication on doing with PID 2088 (D:\work\kaifagongju\idea\IntelliJIDEAPlace\back\stock-trend\target\classes started by 95465 in D:\work\kaifagongju\idea\IntelliJIDEAPlace\back\stock-trend)
20:55:17.136 [restartedMain] INFO  c.d.s.StockTrendApplication - [logStartupProfileInfo,651] - No active profile set, falling back to default profiles: default
20:55:17.318 [restartedMain] INFO  o.a.c.h.Http11NioProtocol - [log,173] - Initializing ProtocolHandler ["http-nio-8080"]
20:55:17.318 [restartedMain] INFO  o.a.c.c.StandardService - [log,173] - Starting service [Tomcat]
20:55:17.319 [restartedMain] INFO  o.a.c.c.StandardEngine - [log,173] - Starting Servlet engine: [Apache Tomcat/9.0.33]
20:55:17.328 [restartedMain] INFO  o.a.c.c.C.[.[.[/] - [log,173] - Initializing Spring embedded WebApplicationContext
20:55:17.436 [restartedMain] INFO  o.a.c.h.Http11NioProtocol - [log,173] - Starting ProtocolHandler ["http-nio-8080"]
20:55:17.438 [restartedMain] INFO  c.d.s.StockTrendApplication - [logStarted,61] - Started StockTrendApplication in 0.327 seconds (JVM running for 38.271)
20:55:28.688 [restartedMain] INFO  c.d.s.StockTrendApplication - [logStarting,55] - Starting StockTrendApplication on doing with PID 2088 (D:\work\kaifagongju\idea\IntelliJIDEAPlace\back\stock-trend\target\classes started by 95465 in D:\work\kaifagongju\idea\IntelliJIDEAPlace\back\stock-trend)
20:55:28.689 [restartedMain] INFO  c.d.s.StockTrendApplication - [logStartupProfileInfo,651] - No active profile set, falling back to default profiles: default
20:55:28.958 [restartedMain] INFO  o.a.c.h.Http11NioProtocol - [log,173] - Initializing ProtocolHandler ["http-nio-8080"]
20:55:28.958 [restartedMain] INFO  o.a.c.c.StandardService - [log,173] - Starting service [Tomcat]
20:55:28.958 [restartedMain] INFO  o.a.c.c.StandardEngine - [log,173] - Starting Servlet engine: [Apache Tomcat/9.0.33]
20:55:28.970 [restartedMain] INFO  o.a.c.c.C.[.[.[/] - [log,173] - Initializing Spring embedded WebApplicationContext
20:55:29.075 [restartedMain] INFO  o.a.c.h.Http11NioProtocol - [log,173] - Starting ProtocolHandler ["http-nio-8080"]
20:55:29.078 [restartedMain] INFO  c.d.s.StockTrendApplication - [logStarted,61] - Started StockTrendApplication in 0.43 seconds (JVM running for 49.911)
20:56:02.130 [restartedMain] INFO  c.d.s.StockTrendApplication - [logStarting,55] - Starting StockTrendApplication on doing with PID 2088 (D:\work\kaifagongju\idea\IntelliJIDEAPlace\back\stock-trend\target\classes started by 95465 in D:\work\kaifagongju\idea\IntelliJIDEAPlace\back\stock-trend)
20:56:02.131 [restartedMain] INFO  c.d.s.StockTrendApplication - [logStartupProfileInfo,651] - No active profile set, falling back to default profiles: default
20:56:02.434 [restartedMain] INFO  o.a.c.h.Http11NioProtocol - [log,173] - Initializing ProtocolHandler ["http-nio-8080"]
20:56:02.436 [restartedMain] INFO  o.a.c.c.StandardService - [log,173] - Starting service [Tomcat]
20:56:02.436 [restartedMain] INFO  o.a.c.c.StandardEngine - [log,173] - Starting Servlet engine: [Apache Tomcat/9.0.33]
20:56:02.453 [restartedMain] INFO  o.a.c.c.C.[.[.[/] - [log,173] - Initializing Spring embedded WebApplicationContext
20:56:02.681 [restartedMain] INFO  o.a.c.h.Http11NioProtocol - [log,173] - Starting ProtocolHandler ["http-nio-8080"]
20:56:02.688 [restartedMain] INFO  c.d.s.StockTrendApplication - [logStarted,61] - Started StockTrendApplication in 0.616 seconds (JVM running for 83.521)
20:56:14.801 [restartedMain] INFO  c.d.s.StockTrendApplication - [logStarting,55] - Starting StockTrendApplication on doing with PID 1644 (D:\work\kaifagongju\idea\IntelliJIDEAPlace\back\stock-trend\target\classes started by 95465 in D:\work\kaifagongju\idea\IntelliJIDEAPlace\back\stock-trend)
20:56:14.805 [restartedMain] INFO  c.d.s.StockTrendApplication - [logStartupProfileInfo,651] - No active profile set, falling back to default profiles: default
20:56:16.154 [restartedMain] INFO  o.a.c.h.Http11NioProtocol - [log,173] - Initializing ProtocolHandler ["http-nio-8080"]
20:56:16.155 [restartedMain] INFO  o.a.c.c.StandardService - [log,173] - Starting service [Tomcat]
20:56:16.155 [restartedMain] INFO  o.a.c.c.StandardEngine - [log,173] - Starting Servlet engine: [Apache Tomcat/9.0.33]
20:56:16.307 [restartedMain] INFO  o.a.c.c.C.[.[.[/] - [log,173] - Initializing Spring embedded WebApplicationContext
20:56:17.168 [restartedMain] INFO  o.a.c.h.Http11NioProtocol - [log,173] - Starting ProtocolHandler ["http-nio-8080"]
20:56:17.230 [restartedMain] INFO  c.d.s.StockTrendApplication - [logStarted,61] - Started StockTrendApplication in 3.05 seconds (JVM running for 4.767)
20:56:18.001 [taskScheduler-1] INFO  c.d.s.c.TaskTest - [sayHello,23] - 2020-04-18 08:56:18:018 向宇宙发出了一声问候: Hello World!
20:56:20.376 [restartedMain] INFO  c.d.s.StockTrendApplication - [logStarting,55] - Starting StockTrendApplication on doing with PID 1644 (D:\work\kaifagongju\idea\IntelliJIDEAPlace\back\stock-trend\target\classes started by 95465 in D:\work\kaifagongju\idea\IntelliJIDEAPlace\back\stock-trend)
20:56:20.376 [restartedMain] INFO  c.d.s.StockTrendApplication - [logStartupProfileInfo,651] - No active profile set, falling back to default profiles: default
20:56:20.860 [restartedMain] INFO  o.a.c.h.Http11NioProtocol - [log,173] - Initializing ProtocolHandler ["http-nio-8080"]
20:56:20.861 [restartedMain] INFO  o.a.c.c.StandardService - [log,173] - Starting service [Tomcat]
20:56:20.861 [restartedMain] INFO  o.a.c.c.StandardEngine - [log,173] - Starting Servlet engine: [Apache Tomcat/9.0.33]
20:56:20.895 [restartedMain] INFO  o.a.c.c.C.[.[.[/] - [log,173] - Initializing Spring embedded WebApplicationContext
20:56:21.192 [restartedMain] INFO  o.a.c.h.Http11NioProtocol - [log,173] - Starting ProtocolHandler ["http-nio-8080"]
20:56:21.198 [restartedMain] INFO  c.d.s.StockTrendApplication - [logStarted,61] - Started StockTrendApplication in 0.866 seconds (JVM running for 8.734)
20:56:22.001 [taskScheduler-1] INFO  c.d.s.c.TaskTest - [sayHello,23] - 2020-04-18 08:56:22:022 向宇宙发出了一声问候: Hello World!
20:56:25.302 [restartedMain] INFO  c.d.s.StockTrendApplication - [logStarting,55] - Starting StockTrendApplication on doing with PID 1644 (D:\work\kaifagongju\idea\IntelliJIDEAPlace\back\stock-trend\target\classes started by 95465 in D:\work\kaifagongju\idea\IntelliJIDEAPlace\back\stock-trend)
20:56:25.302 [restartedMain] INFO  c.d.s.StockTrendApplication - [logStartupProfileInfo,651] - No active profile set, falling back to default profiles: default
20:56:25.651 [restartedMain] INFO  o.a.c.h.Http11NioProtocol - [log,173] - Initializing ProtocolHandler ["http-nio-8080"]
20:56:25.651 [restartedMain] INFO  o.a.c.c.StandardService - [log,173] - Starting service [Tomcat]
20:56:25.652 [restartedMain] INFO  o.a.c.c.StandardEngine - [log,173] - Starting Servlet engine: [Apache Tomcat/9.0.33]
20:56:25.668 [restartedMain] INFO  o.a.c.c.C.[.[.[/] - [log,173] - Initializing Spring embedded WebApplicationContext
20:56:25.863 [restartedMain] INFO  o.a.c.h.Http11NioProtocol - [log,173] - Starting ProtocolHandler ["http-nio-8080"]
20:56:25.868 [restartedMain] INFO  c.d.s.StockTrendApplication - [logStarted,61] - Started StockTrendApplication in 0.633 seconds (JVM running for 13.404)
20:56:26.002 [taskScheduler-1] INFO  c.d.s.c.TaskTest - [sayHello,23] - 2020-04-18 08:56:26:026 向宇宙发出了一声问候: Hello World!
20:56:32.001 [taskScheduler-2] INFO  c.d.s.c.TaskTest - [sayHello2,34] - 2020-04-18 08:56:32:032 向宇宙发出了一声问候: 你好,世界
20:56:37.001 [taskScheduler-1] INFO  c.d.s.c.TaskTest - [sayHello,23] - 2020-04-18 08:56:37:037 向宇宙发出了一声问候: Hello World!
20:56:48.000 [taskScheduler-2] INFO  c.d.s.c.TaskTest - [sayHello,23] - 2020-04-18 08:56:48:048 向宇宙发出了一声问候: Hello World!
20:56:48.000 [taskScheduler-3] INFO  c.d.s.c.TaskTest - [sayHello2,34] - 2020-04-18 08:56:48:048 向宇宙发出了一声问候: 你好,世界
20:56:59.002 [taskScheduler-2] INFO  c.d.s.c.TaskTest - [sayHello,23] - 2020-04-18 08:56:59:059 向宇宙发出了一声问候: Hello World!
20:57:00.003 [taskScheduler-1] INFO  c.d.s.c.TaskTest - [sayHello2,34] - 2020-04-18 08:57:00:000 向宇宙发出了一声问候: 你好,世界
20:57:10.002 [taskScheduler-2] INFO  c.d.s.c.TaskTest - [sayHello,23] - 2020-04-18 08:57:10:010 向宇宙发出了一声问候: Hello World!
20:57:16.001 [taskScheduler-3] INFO  c.d.s.c.TaskTest - [sayHello2,34] - 2020-04-18 08:57:16:016 向宇宙发出了一声问候: 你好,世界
20:57:21.001 [taskScheduler-2] INFO  c.d.s.c.TaskTest - [sayHello,23] - 2020-04-18 08:57:21:021 向宇宙发出了一声问候: Hello World!
20:57:32.001 [taskScheduler-2] INFO  c.d.s.c.TaskTest - [sayHello,23] - 2020-04-18 08:57:32:032 向宇宙发出了一声问候: Hello World!
20:57:32.001 [taskScheduler-1] INFO  c.d.s.c.TaskTest - [sayHello2,34] - 2020-04-18 08:57:32:032 向宇宙发出了一声问候: 你好,世界
20:57:43.002 [taskScheduler-2] INFO  c.d.s.c.TaskTest - [sayHello,23] - 2020-04-18 08:57:43:043 向宇宙发出了一声问候: Hello World!
